[2025-04-26 18:11:52][ INFO ] - [ID отправителя:1449945086] Сообщение:
Финансы
[2025-04-26 18:11:52][ INFO ] - [Бот]->[1449945086]
💰Финансы💰
[2025-04-26 18:11:53][ INFO ] - [ID отправителя:1449945086] Сообщение:
Финансы
[2025-04-26 18:11:53][ INFO ] - [Бот]->[1449945086]
💰Финансы💰
[2025-04-26 18:11:54][ INFO ] - [ID отправителя:1449945086] Сообщение:
Новости
[2025-04-26 18:11:54][ INFO ] - [Бот]->[1449945086]
Источник: Лента, газета Коммерсант

Трамп назвал нелепой идею вернуть Украине утраченные территории

Россию на похоронах папы римского представляла Ольга Любимова

Что известно о сильном взрыве в порту Шахид-Раджаи на юге Ирана. Главное

При взрыве в порту Ирана погибли как минимум четыре человека

Власти Швеции предложили экспроприировать православную церковь

Папу римского Франциска похоронили в Риме

Жертва Джеффри Эпштейна Вирджиния Джуффре покончила с собой

Число пострадавших при взрыве в порту Ирана достигло 516 человек

Герасимов: российская армия контролирует более 90 кв. км в Сумской области

Белый дом назвал продуктивным разговор Трампа и Зеленского в Ватикане

При взрыве в порту Ирана пострадали 195 человек

На похороны папы римского Франциска пришло 200 тысяч человек

Нарышкин: Британия может пойти на провокации против РФ в любой стране

В Ватикане начались похороны папы римского Франциска

Договор РФ с Таиландом о выдаче преступников внесен в Госдуму на ратификацию

Сын замглавы управления ЦРУ погиб на СВО

Трамп может встретиться с Зеленским на похоронах папы римского

Песков: Путин и Уиткофф не обсуждали возобновление авиасообщения между РФ и США

Президент Литвы призвал пересмотреть некоторые христианские постулаты

«Германия снова возьмет на себя ответственность — в Европе и в мире»


[2025-04-26 18:11:55][ INFO ] - [ID отправителя:1449945086] Сообщение:
Новости
[2025-04-26 18:11:55][ INFO ] - [Бот]->[1449945086]
Источник: Лента, газета Коммерсант

Трамп назвал нелепой идею вернуть Украине утраченные территории

Россию на похоронах папы римского представляла Ольга Любимова

Что известно о сильном взрыве в порту Шахид-Раджаи на юге Ирана. Главное

При взрыве в порту Ирана погибли как минимум четыре человека

Власти Швеции предложили экспроприировать православную церковь

Папу римского Франциска похоронили в Риме

Жертва Джеффри Эпштейна Вирджиния Джуффре покончила с собой

Число пострадавших при взрыве в порту Ирана достигло 516 человек

Герасимов: российская армия контролирует более 90 кв. км в Сумской области

Белый дом назвал продуктивным разговор Трампа и Зеленского в Ватикане

При взрыве в порту Ирана пострадали 195 человек

На похороны папы римского Франциска пришло 200 тысяч человек

Нарышкин: Британия может пойти на провокации против РФ в любой стране

В Ватикане начались похороны папы римского Франциска

Договор РФ с Таиландом о выдаче преступников внесен в Госдуму на ратификацию

Сын замглавы управления ЦРУ погиб на СВО

Трамп может встретиться с Зеленским на похоронах папы римского

Песков: Путин и Уиткофф не обсуждали возобновление авиасообщения между РФ и США

Президент Литвы призвал пересмотреть некоторые христианские постулаты

«Германия снова возьмет на себя ответственность — в Европе и в мире»


[2025-04-26 18:11:56][ INFO ] - [ID отправителя:1449945086] Сообщение:
Новости
[2025-04-26 18:11:56][ INFO ] - [Бот]->[1449945086]
Источник: Лента, газета Коммерсант

Трамп назвал нелепой идею вернуть Украине утраченные территории

Россию на похоронах папы римского представляла Ольга Любимова

Что известно о сильном взрыве в порту Шахид-Раджаи на юге Ирана. Главное

При взрыве в порту Ирана погибли как минимум четыре человека

Власти Швеции предложили экспроприировать православную церковь

Папу римского Франциска похоронили в Риме

Жертва Джеффри Эпштейна Вирджиния Джуффре покончила с собой

Число пострадавших при взрыве в порту Ирана достигло 516 человек

Герасимов: российская армия контролирует более 90 кв. км в Сумской области

Белый дом назвал продуктивным разговор Трампа и Зеленского в Ватикане

При взрыве в порту Ирана пострадали 195 человек

На похороны папы римского Франциска пришло 200 тысяч человек

Нарышкин: Британия может пойти на провокации против РФ в любой стране

В Ватикане начались похороны папы римского Франциска

Договор РФ с Таиландом о выдаче преступников внесен в Госдуму на ратификацию

Сын замглавы управления ЦРУ погиб на СВО

Трамп может встретиться с Зеленским на похоронах папы римского

Песков: Путин и Уиткофф не обсуждали возобновление авиасообщения между РФ и США

Президент Литвы призвал пересмотреть некоторые христианские постулаты

«Германия снова возьмет на себя ответственность — в Европе и в мире»


[2025-04-26 18:12:05][ INFO ] - [ID отправителя:1449945086] Сообщение:
Привет
[2025-04-26 18:12:05][ INFO ] - [Бот]->[1449945086]
Вы написали:
 *** 
Привет
 *** 
